2020-11-24 23:16:49,341 [main] INFO  jordanwebsites.env - 
-=[jordanwebsites started successfully using the development profile]=- 
2020-11-24 23:16:49,777 [main] DEBUG org.jboss.logging - Logging Provider: org.jboss.logging.Slf4jLoggerProvider 
2020-11-24 23:16:49,781 [main] INFO  io.undertow - starting server: Undertow - 2.1.3.Final 
2020-11-24 23:16:49,788 [main] INFO  org.xnio - XNIO version 3.8.0.Final 
2020-11-24 23:16:49,926 [main] INFO  org.jboss.threads - JBoss Threads version 3.1.0.Final 
2020-11-24 23:16:49,939 [main] DEBUG io.undertow - Configuring listener with protocol HTTP for interface 0.0.0.0 and port 3000 
2020-11-24 23:16:49,969 [main] INFO  io.undertow - stopping server: Undertow - 2.1.3.Final 
2020-11-24 23:16:49,972 [main] ERROR luminus.http-server - server failed to start on port: 3000 
java.lang.RuntimeException: java.net.BindException: Address already in use
	at io.undertow.Undertow.start(Undertow.java:247)
	at ring.adapter.undertow$run_undertow.invokeStatic(undertow.clj:139)
	at ring.adapter.undertow$run_undertow.invoke(undertow.clj:101)
	at luminus.http_server$start.invokeStatic(http_server.clj:13)
	at luminus.http_server$start.invoke(http_server.clj:11)
	at jordanwebsites.core$eval33667$fn__33668.invoke(core.clj:26)
	at mount.core$record_BANG_.invokeStatic(core.cljc:74)
	at mount.core$record_BANG_.invoke(core.cljc:73)
	at mount.core$up$fn__441.invoke(core.cljc:81)
	at mount.core$up.invokeStatic(core.cljc:80)
	at mount.core$up.invoke(core.cljc:78)
	at mount.core$bring.invokeStatic(core.cljc:247)
	at mount.core$bring.invoke(core.cljc:239)
	at mount.core$start.invokeStatic(core.cljc:289)
	at mount.core$start.doInvoke(core.cljc:281)
	at clojure.lang.RestFn.invoke(RestFn.java:397)
	at mount.core$start_with_args.invokeStatic(core.cljc:389)
	at mount.core$start_with_args.doInvoke(core.cljc:385)
	at clojure.lang.RestFn.invoke(RestFn.java:410)
	at jordanwebsites.core$start_app.invokeStatic(core.clj:51)
	at jordanwebsites.core$start_app.invoke(core.clj:50)
	at jordanwebsites.core$_main.invokeStatic(core.clj:59)
	at jordanwebsites.core$_main.doInvoke(core.clj:58)
	at clojure.lang.RestFn.invoke(RestFn.java:397)
	at clojure.lang.Var.invoke(Var.java:380)
	at user$eval33829.invokeStatic(form-init12634410896507376085.clj:1)
	at user$eval33829.invoke(form-init12634410896507376085.clj:1)
	at clojure.lang.Compiler.eval(Compiler.java:7177)
	at clojure.lang.Compiler.eval(Compiler.java:7167)
	at clojure.lang.Compiler.load(Compiler.java:7636)
	at clojure.lang.Compiler.loadFile(Compiler.java:7574)
	at clojure.main$load_script.invokeStatic(main.clj:475)
	at clojure.main$init_opt.invokeStatic(main.clj:477)
	at clojure.main$init_opt.invoke(main.clj:477)
	at clojure.main$initialize.invokeStatic(main.clj:508)
	at clojure.main$null_opt.invokeStatic(main.clj:542)
	at clojure.main$null_opt.invoke(main.clj:539)
	at clojure.main$main.invokeStatic(main.clj:664)
	at clojure.main$main.doInvoke(main.clj:616)
	at clojure.lang.RestFn.applyTo(RestFn.java:137)
	at clojure.lang.Var.applyTo(Var.java:705)
	at clojure.main.main(main.java:40)
Caused by: java.net.BindException: Address already in use
	at java.base/sun.nio.ch.Net.bind0(Native Method)
	at java.base/sun.nio.ch.Net.bind(Net.java:455)
	at java.base/sun.nio.ch.Net.bind(Net.java:447)
	at java.base/sun.nio.ch.ServerSocketChannelImpl.bind(ServerSocketChannelImpl.java:227)
	at java.base/sun.nio.ch.ServerSocketAdaptor.bind(ServerSocketAdaptor.java:80)
	at org.xnio.nio.NioXnioWorker.createTcpConnectionServer(NioXnioWorker.java:178)
	at org.xnio.XnioWorker.createStreamConnectionServer(XnioWorker.java:310)
	at io.undertow.Undertow.start(Undertow.java:193)
	... 41 common frames omitted
2020-11-24 23:16:49,973 [main] INFO  jordanwebsites.nrepl - starting nREPL server on port 7000 
2020-11-24 23:16:49,974 [main] ERROR jordanwebsites.nrepl - failed to start nREPL 
java.net.BindException: Address already in use (Bind failed)
	at java.base/java.net.PlainSocketImpl.socketBind(Native Method)
	at java.base/java.net.AbstractPlainSocketImpl.bind(AbstractPlainSocketImpl.java:436)
	at java.base/java.net.ServerSocket.bind(ServerSocket.java:395)
	at java.base/java.net.ServerSocket.bind(ServerSocket.java:349)
	at nrepl.server$start_server.invokeStatic(server.clj:169)
	at nrepl.server$start_server.doInvoke(server.clj:136)
	at clojure.lang.RestFn.invoke(RestFn.java:1096)
	at jordanwebsites.nrepl$start.invokeStatic(nrepl.clj:14)
	at jordanwebsites.nrepl$start.invoke(nrepl.clj:6)
	at jordanwebsites.core$eval33683$fn__33684.invoke(core.clj:38)
	at mount.core$record_BANG_.invokeStatic(core.cljc:74)
	at mount.core$record_BANG_.invoke(core.cljc:73)
	at mount.core$up$fn__441.invoke(core.cljc:81)
	at mount.core$up.invokeStatic(core.cljc:80)
	at mount.core$up.invoke(core.cljc:78)
	at mount.core$bring.invokeStatic(core.cljc:247)
	at mount.core$bring.invoke(core.cljc:239)
	at mount.core$start.invokeStatic(core.cljc:289)
	at mount.core$start.doInvoke(core.cljc:281)
	at clojure.lang.RestFn.invoke(RestFn.java:397)
	at mount.core$start_with_args.invokeStatic(core.cljc:389)
	at mount.core$start_with_args.doInvoke(core.cljc:385)
	at clojure.lang.RestFn.invoke(RestFn.java:410)
	at jordanwebsites.core$start_app.invokeStatic(core.clj:51)
	at jordanwebsites.core$start_app.invoke(core.clj:50)
	at jordanwebsites.core$_main.invokeStatic(core.clj:59)
	at jordanwebsites.core$_main.doInvoke(core.clj:58)
	at clojure.lang.RestFn.invoke(RestFn.java:397)
	at clojure.lang.Var.invoke(Var.java:380)
	at user$eval33829.invokeStatic(form-init12634410896507376085.clj:1)
	at user$eval33829.invoke(form-init12634410896507376085.clj:1)
	at clojure.lang.Compiler.eval(Compiler.java:7177)
	at clojure.lang.Compiler.eval(Compiler.java:7167)
	at clojure.lang.Compiler.load(Compiler.java:7636)
	at clojure.lang.Compiler.loadFile(Compiler.java:7574)
	at clojure.main$load_script.invokeStatic(main.clj:475)
	at clojure.main$init_opt.invokeStatic(main.clj:477)
	at clojure.main$init_opt.invoke(main.clj:477)
	at clojure.main$initialize.invokeStatic(main.clj:508)
	at clojure.main$null_opt.invokeStatic(main.clj:542)
	at clojure.main$null_opt.invoke(main.clj:539)
	at clojure.main$main.invokeStatic(main.clj:664)
	at clojure.main$main.doInvoke(main.clj:616)
	at clojure.lang.RestFn.applyTo(RestFn.java:137)
	at clojure.lang.Var.applyTo(Var.java:705)
	at clojure.main.main(main.java:40)
2020-11-24 23:18:44,436 [main] INFO  jordanwebsites.env - 
-=[jordanwebsites started successfully using the development profile]=- 
2020-11-24 23:18:44,791 [main] DEBUG org.jboss.logging - Logging Provider: org.jboss.logging.Slf4jLoggerProvider 
2020-11-24 23:18:44,794 [main] INFO  io.undertow - starting server: Undertow - 2.1.3.Final 
2020-11-24 23:18:44,801 [main] INFO  org.xnio - XNIO version 3.8.0.Final 
2020-11-24 23:18:44,907 [main] INFO  org.jboss.threads - JBoss Threads version 3.1.0.Final 
2020-11-24 23:18:44,925 [main] DEBUG io.undertow - Configuring listener with protocol HTTP for interface 0.0.0.0 and port 3000 
2020-11-24 23:18:44,952 [main] INFO  luminus.http-server - server started on port 3000 
2020-11-24 23:18:44,952 [main] INFO  jordanwebsites.nrepl - starting nREPL server on port 7000 
2020-11-24 23:18:44,963 [main] INFO  jordanwebsites.core - #'jordanwebsites.config/env started 
2020-11-24 23:18:44,963 [main] INFO  jordanwebsites.core - #'jordanwebsites.handler/init-app started 
2020-11-24 23:18:44,963 [main] INFO  jordanwebsites.core - #'jordanwebsites.handler/app-routes started 
2020-11-24 23:18:44,963 [main] INFO  jordanwebsites.core - #'jordanwebsites.core/http-server started 
2020-11-24 23:18:44,963 [main] INFO  jordanwebsites.core - #'jordanwebsites.core/repl-server started 
2020-11-24 23:58:21,112 [Thread-2] INFO  jordanwebsites.nrepl - nREPL server stopped 
2020-11-24 23:58:21,125 [Thread-2] INFO  io.undertow - stopping server: Undertow - 2.1.3.Final 
2020-11-24 23:58:21,136 [XNIO-1 I/O-1] ERROR org.xnio.listener - XNIO001009: Failed to accept a connection on org.xnio.nio.QueuedNioTcpServer2@42f79347: java.nio.channels.ClosedChannelException 
2020-11-24 23:58:21,136 [XNIO-1 I/O-1] ERROR org.xnio.listener - XNIO001009: Failed to accept a connection on org.xnio.nio.QueuedNioTcpServer2@42f79347: java.nio.channels.ClosedChannelException 
2020-11-24 23:58:21,136 [XNIO-1 I/O-1] ERROR org.xnio.listener - XNIO001009: Failed to accept a connection on org.xnio.nio.QueuedNioTcpServer2@42f79347: java.nio.channels.ClosedChannelException 
2020-11-24 23:58:21,178 [XNIO-1 I/O-4] DEBUG io.undertow - Failed to schedule task io.undertow.server.protocol.ParseTimeoutUpdater@2029f828 as worker is shutting down 
java.util.concurrent.RejectedExecutionException: XNIO007007: Thread is terminating
	at org.xnio.nio.WorkerThread.executeAfter(WorkerThread.java:650)
	at io.undertow.util.WorkerUtils.executeAfter(WorkerUtils.java:46)
	at io.undertow.server.protocol.ParseTimeoutUpdater.handleSchedule(ParseTimeoutUpdater.java:107)
	at io.undertow.server.protocol.ParseTimeoutUpdater.connectionIdle(ParseTimeoutUpdater.java:85)
	at io.undertow.server.protocol.http.HttpReadListener.newRequest(HttpReadListener.java:118)
	at io.undertow.server.protocol.http.HttpReadListener.exchangeComplete(HttpReadListener.java:312)
	at io.undertow.server.protocol.http.HttpServerConnection.exchangeComplete(HttpServerConnection.java:244)
	at io.undertow.server.HttpServerExchange.invokeExchangeCompleteListeners(HttpServerExchange.java:1279)
	at io.undertow.server.HttpServerExchange.terminateResponse(HttpServerExchange.java:1563)
	at io.undertow.server.HttpServerExchange.closeAndFlushResponse(HttpServerExchange.java:1711)
	at io.undertow.server.HttpServerExchange.endExchange(HttpServerExchange.java:1700)
	at io.undertow.server.AbstractServerConnection$CloseSetter.handleEvent(AbstractServerConnection.java:316)
	at io.undertow.server.AbstractServerConnection$CloseSetter.handleEvent(AbstractServerConnection.java:296)
	at org.xnio.ChannelListeners.invokeChannelListener(ChannelListeners.java:92)
	at org.xnio.StreamConnection.invokeCloseListener(StreamConnection.java:80)
	at org.xnio.Connection.writeClosed(Connection.java:117)
	at org.xnio.nio.AbstractNioStreamConnection.writeClosed(AbstractNioStreamConnection.java:47)
	at org.xnio.nio.NioSocketConduit.terminateWrites(NioSocketConduit.java:182)
	at org.xnio.nio.NioSocketConduit.truncateWrites(NioSocketConduit.java:198)
	at io.undertow.server.protocol.http.HttpResponseConduit.truncateWrites(HttpResponseConduit.java:784)
	at org.xnio.conduits.AbstractSinkConduit.truncateWrites(AbstractSinkConduit.java:82)
	at io.undertow.conduits.AbstractFixedLengthStreamSinkConduit.truncateWrites(AbstractFixedLengthStreamSinkConduit.java:277)
	at org.xnio.conduits.ConduitStreamSinkChannel.close(ConduitStreamSinkChannel.java:186)
	at org.xnio.IoUtils.safeClose(IoUtils.java:152)
	at org.xnio.conduits.WriteReadyHandler$ChannelListenerHandler.forceTermination(WriteReadyHandler.java:57)
	at org.xnio.nio.NioSocketConduit.forceTermination(NioSocketConduit.java:108)
	at org.xnio.nio.WorkerThread.run(WorkerThread.java:507)
2020-11-24 23:58:21,179 [XNIO-1 I/O-1] DEBUG io.undertow - Failed to schedule task io.undertow.server.protocol.ParseTimeoutUpdater@6b4f64b4 as worker is shutting down 
java.util.concurrent.RejectedExecutionException: XNIO007007: Thread is terminating
	at org.xnio.nio.WorkerThread.executeAfter(WorkerThread.java:650)
	at io.undertow.util.WorkerUtils.executeAfter(WorkerUtils.java:46)
	at io.undertow.server.protocol.ParseTimeoutUpdater.handleSchedule(ParseTimeoutUpdater.java:107)
	at io.undertow.server.protocol.ParseTimeoutUpdater.connectionIdle(ParseTimeoutUpdater.java:85)
	at io.undertow.server.protocol.http.HttpReadListener.newRequest(HttpReadListener.java:118)
	at io.undertow.server.protocol.http.HttpReadListener.exchangeComplete(HttpReadListener.java:312)
	at io.undertow.server.protocol.http.HttpServerConnection.exchangeComplete(HttpServerConnection.java:244)
	at io.undertow.server.HttpServerExchange.invokeExchangeCompleteListeners(HttpServerExchange.java:1279)
	at io.undertow.server.HttpServerExchange.terminateResponse(HttpServerExchange.java:1563)
	at io.undertow.server.HttpServerExchange.closeAndFlushResponse(HttpServerExchange.java:1711)
	at io.undertow.server.HttpServerExchange.endExchange(HttpServerExchange.java:1700)
	at io.undertow.server.AbstractServerConnection$CloseSetter.handleEvent(AbstractServerConnection.java:316)
	at io.undertow.server.AbstractServerConnection$CloseSetter.handleEvent(AbstractServerConnection.java:296)
	at org.xnio.ChannelListeners.invokeChannelListener(ChannelListeners.java:92)
	at org.xnio.StreamConnection.invokeCloseListener(StreamConnection.java:80)
	at org.xnio.Connection.writeClosed(Connection.java:117)
	at org.xnio.nio.AbstractNioStreamConnection.writeClosed(AbstractNioStreamConnection.java:47)
	at org.xnio.nio.NioSocketConduit.terminateWrites(NioSocketConduit.java:182)
	at org.xnio.nio.NioSocketConduit.truncateWrites(NioSocketConduit.java:198)
	at org.xnio.conduits.ConduitStreamSinkChannel.close(ConduitStreamSinkChannel.java:186)
	at org.xnio.IoUtils.safeClose(IoUtils.java:152)
	at org.xnio.conduits.WriteReadyHandler$ChannelListenerHandler.forceTermination(WriteReadyHandler.java:57)
	at org.xnio.nio.NioSocketConduit.forceTermination(NioSocketConduit.java:108)
	at org.xnio.nio.WorkerThread.run(WorkerThread.java:507)
2020-11-24 23:58:21,190 [XNIO-1 task-4] ERROR io.undertow.request - UT005071: Undertow request failed HttpServerExchange{ GET /} 
java.lang.IllegalStateException: UT000002: The response has already been started
	at io.undertow.server.HttpServerExchange.setStatusCode(HttpServerExchange.java:1406)
	at ring.adapter.undertow.response$set_exchange_response.invokeStatic(response.clj:57)
	at ring.adapter.undertow.response$set_exchange_response.invoke(response.clj:52)
	at ring.adapter.undertow$handle_request.invokeStatic(undertow.clj:20)
	at ring.adapter.undertow$handle_request.invoke(undertow.clj:16)
	at ring.adapter.undertow$undertow_handler$fn$reify__33268.handleRequest(undertow.clj:34)
	at io.undertow.server.Connectors.executeRootHandler(Connectors.java:370)
	at io.undertow.server.HttpServerExchange$1.run(HttpServerExchange.java:830)
	at org.jboss.threads.ContextClassLoaderSavingRunnable.run(ContextClassLoaderSavingRunnable.java:35)
	at org.jboss.threads.EnhancedQueueExecutor.safeRun(EnhancedQueueExecutor.java:2019)
	at org.jboss.threads.EnhancedQueueExecutor$ThreadBody.doRunTask(EnhancedQueueExecutor.java:1558)
	at org.jboss.threads.EnhancedQueueExecutor$ThreadBody.run(EnhancedQueueExecutor.java:1449)
	at java.base/java.lang.Thread.run(Thread.java:834)
2020-11-24 23:58:21,191 [Thread-2] INFO  luminus.http-server - HTTP server stopped 
2020-11-24 23:58:21,191 [Thread-2] INFO  jordanwebsites.env - 
-=[jordanwebsites has shut down successfully]=- 
2020-11-24 23:58:21,192 [Thread-2] INFO  jordanwebsites.core - #'jordanwebsites.core/repl-server stopped 
2020-11-24 23:58:21,192 [Thread-2] INFO  jordanwebsites.core - #'jordanwebsites.core/http-server stopped 
2020-11-24 23:58:21,192 [Thread-2] INFO  jordanwebsites.core - #'jordanwebsites.handler/init-app stopped 
