2020-11-29 21:23:08,175 [Thread-2] INFO  jordanwebsites.nrepl - nREPL server stopped 
2020-11-29 21:23:08,200 [Thread-2] INFO  io.undertow - stopping server: Undertow - 2.1.3.Final 
2020-11-29 21:23:08,205 [Thread-2] INFO  luminus.http-server - HTTP server stopped 
2020-11-29 21:23:08,206 [Thread-2] INFO  jordanwebsites.env - 
-=[jordanwebsites has shut down successfully]=- 
2020-11-29 21:23:08,206 [Thread-2] INFO  jordanwebsites.core - #'jordanwebsites.core/repl-server stopped 
2020-11-29 21:23:08,206 [Thread-2] INFO  jordanwebsites.core - #'jordanwebsites.core/http-server stopped 
2020-11-29 21:23:08,206 [Thread-2] INFO  jordanwebsites.core - #'jordanwebsites.handler/init-app stopped 
2020-11-29 22:39:58,139 [main] INFO  jordanwebsites.env - 
-=[jordanwebsites started successfully using the development profile]=- 
2020-11-29 22:39:58,503 [main] DEBUG org.jboss.logging - Logging Provider: org.jboss.logging.Slf4jLoggerProvider 
2020-11-29 22:39:58,506 [main] INFO  io.undertow - starting server: Undertow - 2.1.3.Final 
2020-11-29 22:39:58,520 [main] INFO  org.xnio - XNIO version 3.8.0.Final 
2020-11-29 22:39:58,672 [main] INFO  org.jboss.threads - JBoss Threads version 3.1.0.Final 
2020-11-29 22:39:58,684 [main] DEBUG io.undertow - Configuring listener with protocol HTTP for interface 0.0.0.0 and port 3000 
2020-11-29 22:39:58,722 [main] INFO  luminus.http-server - server started on port 3000 
2020-11-29 22:39:58,722 [main] INFO  jordanwebsites.nrepl - starting nREPL server on port 7000 
2020-11-29 22:39:58,734 [main] INFO  jordanwebsites.core - #'jordanwebsites.config/env started 
2020-11-29 22:39:58,734 [main] INFO  jordanwebsites.core - #'jordanwebsites.handler/init-app started 
2020-11-29 22:39:58,734 [main] INFO  jordanwebsites.core - #'jordanwebsites.handler/app-routes started 
2020-11-29 22:39:58,734 [main] INFO  jordanwebsites.core - #'jordanwebsites.core/http-server started 
2020-11-29 22:39:58,734 [main] INFO  jordanwebsites.core - #'jordanwebsites.core/repl-server started 
2020-11-29 22:44:05,756 [main] INFO  jordanwebsites.env - 
-=[jordanwebsites started successfully using the development profile]=- 
2020-11-29 22:44:06,130 [main] DEBUG org.jboss.logging - Logging Provider: org.jboss.logging.Slf4jLoggerProvider 
2020-11-29 22:44:06,134 [main] INFO  io.undertow - starting server: Undertow - 2.1.3.Final 
2020-11-29 22:44:06,141 [main] INFO  org.xnio - XNIO version 3.8.0.Final 
2020-11-29 22:44:06,266 [main] INFO  org.jboss.threads - JBoss Threads version 3.1.0.Final 
2020-11-29 22:44:06,278 [main] DEBUG io.undertow - Configuring listener with protocol HTTP for interface 0.0.0.0 and port 3000 
2020-11-29 22:44:06,308 [main] INFO  luminus.http-server - server started on port 3000 
2020-11-29 22:44:06,309 [main] INFO  jordanwebsites.nrepl - starting nREPL server on port 7000 
2020-11-29 22:44:06,321 [main] INFO  jordanwebsites.core - #'jordanwebsites.config/env started 
2020-11-29 22:44:06,322 [main] INFO  jordanwebsites.core - #'jordanwebsites.handler/init-app started 
2020-11-29 22:44:06,322 [main] INFO  jordanwebsites.core - #'jordanwebsites.handler/app-routes started 
2020-11-29 22:44:06,322 [main] INFO  jordanwebsites.core - #'jordanwebsites.core/http-server started 
2020-11-29 22:44:06,322 [main] INFO  jordanwebsites.core - #'jordanwebsites.core/repl-server started 
2020-11-29 22:45:38,812 [main] INFO  jordanwebsites.env - 
-=[jordanwebsites started successfully using the development profile]=- 
2020-11-29 22:45:39,213 [main] DEBUG org.jboss.logging - Logging Provider: org.jboss.logging.Slf4jLoggerProvider 
2020-11-29 22:45:39,217 [main] INFO  io.undertow - starting server: Undertow - 2.1.3.Final 
2020-11-29 22:45:39,224 [main] INFO  org.xnio - XNIO version 3.8.0.Final 
2020-11-29 22:45:39,322 [main] INFO  org.jboss.threads - JBoss Threads version 3.1.0.Final 
2020-11-29 22:45:39,345 [main] DEBUG io.undertow - Configuring listener with protocol HTTP for interface 0.0.0.0 and port 3000 
2020-11-29 22:45:39,393 [main] INFO  luminus.http-server - server started on port 3000 
2020-11-29 22:45:39,393 [main] INFO  jordanwebsites.nrepl - starting nREPL server on port 7000 
2020-11-29 22:45:39,404 [main] INFO  jordanwebsites.core - #'jordanwebsites.config/env started 
2020-11-29 22:45:39,405 [main] INFO  jordanwebsites.core - #'jordanwebsites.handler/init-app started 
2020-11-29 22:45:39,405 [main] INFO  jordanwebsites.core - #'jordanwebsites.handler/app-routes started 
2020-11-29 22:45:39,405 [main] INFO  jordanwebsites.core - #'jordanwebsites.core/http-server started 
2020-11-29 22:45:39,406 [main] INFO  jordanwebsites.core - #'jordanwebsites.core/repl-server started 
2020-11-29 22:46:16,682 [main] INFO  jordanwebsites.env - 
-=[jordanwebsites started successfully using the development profile]=- 
2020-11-29 22:46:17,009 [main] DEBUG org.jboss.logging - Logging Provider: org.jboss.logging.Slf4jLoggerProvider 
2020-11-29 22:46:17,015 [main] INFO  io.undertow - starting server: Undertow - 2.1.3.Final 
2020-11-29 22:46:17,023 [main] INFO  org.xnio - XNIO version 3.8.0.Final 
2020-11-29 22:46:17,133 [main] INFO  org.jboss.threads - JBoss Threads version 3.1.0.Final 
2020-11-29 22:46:17,145 [main] DEBUG io.undertow - Configuring listener with protocol HTTP for interface 0.0.0.0 and port 3000 
2020-11-29 22:46:17,170 [main] INFO  io.undertow - stopping server: Undertow - 2.1.3.Final 
2020-11-29 22:46:17,179 [main] ERROR luminus.http-server - server failed to start on port: 3000 
java.lang.RuntimeException: java.net.BindException: Address already in use
	at io.undertow.Undertow.start(Undertow.java:247)
	at ring.adapter.undertow$run_undertow.invokeStatic(undertow.clj:139)
	at ring.adapter.undertow$run_undertow.invoke(undertow.clj:101)
	at luminus.http_server$start.invokeStatic(http_server.clj:13)
	at luminus.http_server$start.invoke(http_server.clj:11)
	at jordanwebsites.core$eval33667$fn__33668.invoke(core.clj:26)
	at mount.core$record_BANG_.invokeStatic(core.cljc:74)
	at mount.core$record_BANG_.invoke(core.cljc:73)
	at mount.core$up$fn__441.invoke(core.cljc:81)
	at mount.core$up.invokeStatic(core.cljc:80)
	at mount.core$up.invoke(core.cljc:78)
	at mount.core$bring.invokeStatic(core.cljc:247)
	at mount.core$bring.invoke(core.cljc:239)
	at mount.core$start.invokeStatic(core.cljc:289)
	at mount.core$start.doInvoke(core.cljc:281)
	at clojure.lang.RestFn.invoke(RestFn.java:397)
	at mount.core$start_with_args.invokeStatic(core.cljc:389)
	at mount.core$start_with_args.doInvoke(core.cljc:385)
	at clojure.lang.RestFn.invoke(RestFn.java:410)
	at jordanwebsites.core$start_app.invokeStatic(core.clj:51)
	at jordanwebsites.core$start_app.invoke(core.clj:50)
	at jordanwebsites.core$_main.invokeStatic(core.clj:59)
	at jordanwebsites.core$_main.doInvoke(core.clj:58)
	at clojure.lang.RestFn.invoke(RestFn.java:397)
	at clojure.lang.Var.invoke(Var.java:380)
	at user$eval33829.invokeStatic(form-init3018601963911443267.clj:1)
	at user$eval33829.invoke(form-init3018601963911443267.clj:1)
	at clojure.lang.Compiler.eval(Compiler.java:7177)
	at clojure.lang.Compiler.eval(Compiler.java:7167)
	at clojure.lang.Compiler.load(Compiler.java:7636)
	at clojure.lang.Compiler.loadFile(Compiler.java:7574)
	at clojure.main$load_script.invokeStatic(main.clj:475)
	at clojure.main$init_opt.invokeStatic(main.clj:477)
	at clojure.main$init_opt.invoke(main.clj:477)
	at clojure.main$initialize.invokeStatic(main.clj:508)
	at clojure.main$null_opt.invokeStatic(main.clj:542)
	at clojure.main$null_opt.invoke(main.clj:539)
	at clojure.main$main.invokeStatic(main.clj:664)
	at clojure.main$main.doInvoke(main.clj:616)
	at clojure.lang.RestFn.applyTo(RestFn.java:137)
	at clojure.lang.Var.applyTo(Var.java:705)
	at clojure.main.main(main.java:40)
Caused by: java.net.BindException: Address already in use
	at java.base/sun.nio.ch.Net.bind0(Native Method)
	at java.base/sun.nio.ch.Net.bind(Net.java:455)
	at java.base/sun.nio.ch.Net.bind(Net.java:447)
	at java.base/sun.nio.ch.ServerSocketChannelImpl.bind(ServerSocketChannelImpl.java:227)
	at java.base/sun.nio.ch.ServerSocketAdaptor.bind(ServerSocketAdaptor.java:80)
	at org.xnio.nio.NioXnioWorker.createTcpConnectionServer(NioXnioWorker.java:178)
	at org.xnio.XnioWorker.createStreamConnectionServer(XnioWorker.java:310)
	at io.undertow.Undertow.start(Undertow.java:193)
	... 41 common frames omitted
2020-11-29 22:46:17,180 [main] INFO  jordanwebsites.nrepl - starting nREPL server on port 7000 
2020-11-29 22:46:17,181 [main] ERROR jordanwebsites.nrepl - failed to start nREPL 
java.net.BindException: Address already in use (Bind failed)
	at java.base/java.net.PlainSocketImpl.socketBind(Native Method)
	at java.base/java.net.AbstractPlainSocketImpl.bind(AbstractPlainSocketImpl.java:436)
	at java.base/java.net.ServerSocket.bind(ServerSocket.java:395)
	at java.base/java.net.ServerSocket.bind(ServerSocket.java:349)
	at nrepl.server$start_server.invokeStatic(server.clj:169)
	at nrepl.server$start_server.doInvoke(server.clj:136)
	at clojure.lang.RestFn.invoke(RestFn.java:1096)
	at jordanwebsites.nrepl$start.invokeStatic(nrepl.clj:14)
	at jordanwebsites.nrepl$start.invoke(nrepl.clj:6)
	at jordanwebsites.core$eval33683$fn__33684.invoke(core.clj:38)
	at mount.core$record_BANG_.invokeStatic(core.cljc:74)
	at mount.core$record_BANG_.invoke(core.cljc:73)
	at mount.core$up$fn__441.invoke(core.cljc:81)
	at mount.core$up.invokeStatic(core.cljc:80)
	at mount.core$up.invoke(core.cljc:78)
	at mount.core$bring.invokeStatic(core.cljc:247)
	at mount.core$bring.invoke(core.cljc:239)
	at mount.core$start.invokeStatic(core.cljc:289)
	at mount.core$start.doInvoke(core.cljc:281)
	at clojure.lang.RestFn.invoke(RestFn.java:397)
	at mount.core$start_with_args.invokeStatic(core.cljc:389)
	at mount.core$start_with_args.doInvoke(core.cljc:385)
	at clojure.lang.RestFn.invoke(RestFn.java:410)
	at jordanwebsites.core$start_app.invokeStatic(core.clj:51)
	at jordanwebsites.core$start_app.invoke(core.clj:50)
	at jordanwebsites.core$_main.invokeStatic(core.clj:59)
	at jordanwebsites.core$_main.doInvoke(core.clj:58)
	at clojure.lang.RestFn.invoke(RestFn.java:397)
	at clojure.lang.Var.invoke(Var.java:380)
	at user$eval33829.invokeStatic(form-init3018601963911443267.clj:1)
	at user$eval33829.invoke(form-init3018601963911443267.clj:1)
	at clojure.lang.Compiler.eval(Compiler.java:7177)
	at clojure.lang.Compiler.eval(Compiler.java:7167)
	at clojure.lang.Compiler.load(Compiler.java:7636)
	at clojure.lang.Compiler.loadFile(Compiler.java:7574)
	at clojure.main$load_script.invokeStatic(main.clj:475)
	at clojure.main$init_opt.invokeStatic(main.clj:477)
	at clojure.main$init_opt.invoke(main.clj:477)
	at clojure.main$initialize.invokeStatic(main.clj:508)
	at clojure.main$null_opt.invokeStatic(main.clj:542)
	at clojure.main$null_opt.invoke(main.clj:539)
	at clojure.main$main.invokeStatic(main.clj:664)
	at clojure.main$main.doInvoke(main.clj:616)
	at clojure.lang.RestFn.applyTo(RestFn.java:137)
	at clojure.lang.Var.applyTo(Var.java:705)
	at clojure.main.main(main.java:40)
2020-11-29 22:47:17,969 [main] INFO  jordanwebsites.env - 
-=[jordanwebsites started successfully using the development profile]=- 
2020-11-29 22:47:18,307 [main] DEBUG org.jboss.logging - Logging Provider: org.jboss.logging.Slf4jLoggerProvider 
2020-11-29 22:47:18,310 [main] INFO  io.undertow - starting server: Undertow - 2.1.3.Final 
2020-11-29 22:47:18,317 [main] INFO  org.xnio - XNIO version 3.8.0.Final 
2020-11-29 22:47:18,407 [main] INFO  org.jboss.threads - JBoss Threads version 3.1.0.Final 
2020-11-29 22:47:18,418 [main] DEBUG io.undertow - Configuring listener with protocol HTTP for interface 0.0.0.0 and port 3000 
2020-11-29 22:47:18,455 [main] INFO  luminus.http-server - server started on port 3000 
2020-11-29 22:47:18,455 [main] INFO  jordanwebsites.nrepl - starting nREPL server on port 7000 
2020-11-29 22:47:18,470 [main] INFO  jordanwebsites.core - #'jordanwebsites.config/env started 
2020-11-29 22:47:18,471 [main] INFO  jordanwebsites.core - #'jordanwebsites.handler/init-app started 
2020-11-29 22:47:18,472 [main] INFO  jordanwebsites.core - #'jordanwebsites.handler/app-routes started 
2020-11-29 22:47:18,472 [main] INFO  jordanwebsites.core - #'jordanwebsites.core/http-server started 
2020-11-29 22:47:18,473 [main] INFO  jordanwebsites.core - #'jordanwebsites.core/repl-server started 
2020-11-29 22:47:37,450 [Thread-2] INFO  jordanwebsites.nrepl - nREPL server stopped 
2020-11-29 22:47:37,452 [Thread-2] INFO  io.undertow - stopping server: Undertow - 2.1.3.Final 
2020-11-29 22:47:37,462 [Thread-2] INFO  luminus.http-server - HTTP server stopped 
2020-11-29 22:47:37,463 [Thread-2] INFO  jordanwebsites.env - 
-=[jordanwebsites has shut down successfully]=- 
2020-11-29 22:47:37,464 [Thread-2] INFO  jordanwebsites.core - #'jordanwebsites.core/repl-server stopped 
2020-11-29 22:47:37,464 [Thread-2] INFO  jordanwebsites.core - #'jordanwebsites.core/http-server stopped 
2020-11-29 22:47:37,464 [Thread-2] INFO  jordanwebsites.core - #'jordanwebsites.handler/init-app stopped 
2020-11-29 22:52:46,128 [main] INFO  jordanwebsites.env - 
-=[jordanwebsites started successfully using the development profile]=- 
2020-11-29 22:52:46,504 [main] DEBUG org.jboss.logging - Logging Provider: org.jboss.logging.Slf4jLoggerProvider 
2020-11-29 22:52:46,507 [main] INFO  io.undertow - starting server: Undertow - 2.1.3.Final 
2020-11-29 22:52:46,516 [main] INFO  org.xnio - XNIO version 3.8.0.Final 
2020-11-29 22:52:46,657 [main] INFO  org.jboss.threads - JBoss Threads version 3.1.0.Final 
2020-11-29 22:52:46,679 [main] DEBUG io.undertow - Configuring listener with protocol HTTP for interface 0.0.0.0 and port 3000 
2020-11-29 22:52:46,724 [main] INFO  luminus.http-server - server started on port 3000 
2020-11-29 22:52:46,725 [main] INFO  jordanwebsites.nrepl - starting nREPL server on port 7000 
2020-11-29 22:52:46,738 [main] INFO  jordanwebsites.core - #'jordanwebsites.config/env started 
2020-11-29 22:52:46,738 [main] INFO  jordanwebsites.core - #'jordanwebsites.handler/init-app started 
2020-11-29 22:52:46,738 [main] INFO  jordanwebsites.core - #'jordanwebsites.handler/app-routes started 
2020-11-29 22:52:46,738 [main] INFO  jordanwebsites.core - #'jordanwebsites.core/http-server started 
2020-11-29 22:52:46,738 [main] INFO  jordanwebsites.core - #'jordanwebsites.core/repl-server started 
2020-11-29 23:02:26,949 [main] INFO  jordanwebsites.env - 
-=[jordanwebsites started successfully using the development profile]=- 
2020-11-29 23:02:27,270 [main] DEBUG org.jboss.logging - Logging Provider: org.jboss.logging.Slf4jLoggerProvider 
2020-11-29 23:02:27,273 [main] INFO  io.undertow - starting server: Undertow - 2.1.3.Final 
2020-11-29 23:02:27,280 [main] INFO  org.xnio - XNIO version 3.8.0.Final 
2020-11-29 23:02:27,375 [main] INFO  org.jboss.threads - JBoss Threads version 3.1.0.Final 
2020-11-29 23:02:27,386 [main] DEBUG io.undertow - Configuring listener with protocol HTTP for interface 0.0.0.0 and port 3000 
2020-11-29 23:02:27,415 [main] INFO  luminus.http-server - server started on port 3000 
2020-11-29 23:02:27,416 [main] INFO  jordanwebsites.nrepl - starting nREPL server on port 7000 
2020-11-29 23:02:27,428 [main] INFO  jordanwebsites.core - #'jordanwebsites.config/env started 
2020-11-29 23:02:27,428 [main] INFO  jordanwebsites.core - #'jordanwebsites.handler/init-app started 
2020-11-29 23:02:27,429 [main] INFO  jordanwebsites.core - #'jordanwebsites.handler/app-routes started 
2020-11-29 23:02:27,429 [main] INFO  jordanwebsites.core - #'jordanwebsites.core/http-server started 
2020-11-29 23:02:27,429 [main] INFO  jordanwebsites.core - #'jordanwebsites.core/repl-server started 
2020-11-29 23:03:38,970 [main] INFO  jordanwebsites.env - 
-=[jordanwebsites started successfully using the development profile]=- 
2020-11-29 23:03:39,310 [main] DEBUG org.jboss.logging - Logging Provider: org.jboss.logging.Slf4jLoggerProvider 
2020-11-29 23:03:39,314 [main] INFO  io.undertow - starting server: Undertow - 2.1.3.Final 
2020-11-29 23:03:39,322 [main] INFO  org.xnio - XNIO version 3.8.0.Final 
2020-11-29 23:03:39,424 [main] INFO  org.jboss.threads - JBoss Threads version 3.1.0.Final 
2020-11-29 23:03:39,444 [main] DEBUG io.undertow - Configuring listener with protocol HTTP for interface 0.0.0.0 and port 3000 
2020-11-29 23:03:39,473 [main] INFO  luminus.http-server - server started on port 3000 
2020-11-29 23:03:39,474 [main] INFO  jordanwebsites.nrepl - starting nREPL server on port 7000 
2020-11-29 23:03:39,485 [main] INFO  jordanwebsites.core - #'jordanwebsites.config/env started 
2020-11-29 23:03:39,485 [main] INFO  jordanwebsites.core - #'jordanwebsites.handler/init-app started 
2020-11-29 23:03:39,485 [main] INFO  jordanwebsites.core - #'jordanwebsites.handler/app-routes started 
2020-11-29 23:03:39,485 [main] INFO  jordanwebsites.core - #'jordanwebsites.core/http-server started 
2020-11-29 23:03:39,485 [main] INFO  jordanwebsites.core - #'jordanwebsites.core/repl-server started 
