2020-11-27 13:42:23,209 [main] INFO  jordanwebsites.env - 
-=[jordanwebsites started successfully using the development profile]=- 
2020-11-27 13:42:23,561 [main] DEBUG org.jboss.logging - Logging Provider: org.jboss.logging.Slf4jLoggerProvider 
2020-11-27 13:42:23,564 [main] INFO  io.undertow - starting server: Undertow - 2.1.3.Final 
2020-11-27 13:42:23,570 [main] INFO  org.xnio - XNIO version 3.8.0.Final 
2020-11-27 13:42:23,654 [main] INFO  org.jboss.threads - JBoss Threads version 3.1.0.Final 
2020-11-27 13:42:23,669 [main] DEBUG io.undertow - Configuring listener with protocol HTTP for interface 0.0.0.0 and port 3000 
2020-11-27 13:42:23,692 [main] INFO  io.undertow - stopping server: Undertow - 2.1.3.Final 
2020-11-27 13:42:23,702 [main] ERROR luminus.http-server - server failed to start on port: 3000 
java.lang.RuntimeException: java.net.BindException: Address already in use
	at io.undertow.Undertow.start(Undertow.java:247)
	at ring.adapter.undertow$run_undertow.invokeStatic(undertow.clj:139)
	at ring.adapter.undertow$run_undertow.invoke(undertow.clj:101)
	at luminus.http_server$start.invokeStatic(http_server.clj:13)
	at luminus.http_server$start.invoke(http_server.clj:11)
	at jordanwebsites.core$eval33667$fn__33668.invoke(core.clj:26)
	at mount.core$record_BANG_.invokeStatic(core.cljc:74)
	at mount.core$record_BANG_.invoke(core.cljc:73)
	at mount.core$up$fn__441.invoke(core.cljc:81)
	at mount.core$up.invokeStatic(core.cljc:80)
	at mount.core$up.invoke(core.cljc:78)
	at mount.core$bring.invokeStatic(core.cljc:247)
	at mount.core$bring.invoke(core.cljc:239)
	at mount.core$start.invokeStatic(core.cljc:289)
	at mount.core$start.doInvoke(core.cljc:281)
	at clojure.lang.RestFn.invoke(RestFn.java:397)
	at mount.core$start_with_args.invokeStatic(core.cljc:389)
	at mount.core$start_with_args.doInvoke(core.cljc:385)
	at clojure.lang.RestFn.invoke(RestFn.java:410)
	at jordanwebsites.core$start_app.invokeStatic(core.clj:51)
	at jordanwebsites.core$start_app.invoke(core.clj:50)
	at jordanwebsites.core$_main.invokeStatic(core.clj:59)
	at jordanwebsites.core$_main.doInvoke(core.clj:58)
	at clojure.lang.RestFn.invoke(RestFn.java:397)
	at clojure.lang.Var.invoke(Var.java:380)
	at user$eval33829.invokeStatic(form-init8287183233998662987.clj:1)
	at user$eval33829.invoke(form-init8287183233998662987.clj:1)
	at clojure.lang.Compiler.eval(Compiler.java:7177)
	at clojure.lang.Compiler.eval(Compiler.java:7167)
	at clojure.lang.Compiler.load(Compiler.java:7636)
	at clojure.lang.Compiler.loadFile(Compiler.java:7574)
	at clojure.main$load_script.invokeStatic(main.clj:475)
	at clojure.main$init_opt.invokeStatic(main.clj:477)
	at clojure.main$init_opt.invoke(main.clj:477)
	at clojure.main$initialize.invokeStatic(main.clj:508)
	at clojure.main$null_opt.invokeStatic(main.clj:542)
	at clojure.main$null_opt.invoke(main.clj:539)
	at clojure.main$main.invokeStatic(main.clj:664)
	at clojure.main$main.doInvoke(main.clj:616)
	at clojure.lang.RestFn.applyTo(RestFn.java:137)
	at clojure.lang.Var.applyTo(Var.java:705)
	at clojure.main.main(main.java:40)
Caused by: java.net.BindException: Address already in use
	at java.base/sun.nio.ch.Net.bind0(Native Method)
	at java.base/sun.nio.ch.Net.bind(Net.java:455)
	at java.base/sun.nio.ch.Net.bind(Net.java:447)
	at java.base/sun.nio.ch.ServerSocketChannelImpl.bind(ServerSocketChannelImpl.java:227)
	at java.base/sun.nio.ch.ServerSocketAdaptor.bind(ServerSocketAdaptor.java:80)
	at org.xnio.nio.NioXnioWorker.createTcpConnectionServer(NioXnioWorker.java:178)
	at org.xnio.XnioWorker.createStreamConnectionServer(XnioWorker.java:310)
	at io.undertow.Undertow.start(Undertow.java:193)
	... 41 common frames omitted
2020-11-27 13:42:23,703 [main] INFO  jordanwebsites.nrepl - starting nREPL server on port 7000 
2020-11-27 13:42:23,704 [main] ERROR jordanwebsites.nrepl - failed to start nREPL 
java.net.BindException: Address already in use (Bind failed)
	at java.base/java.net.PlainSocketImpl.socketBind(Native Method)
	at java.base/java.net.AbstractPlainSocketImpl.bind(AbstractPlainSocketImpl.java:436)
	at java.base/java.net.ServerSocket.bind(ServerSocket.java:395)
	at java.base/java.net.ServerSocket.bind(ServerSocket.java:349)
	at nrepl.server$start_server.invokeStatic(server.clj:169)
	at nrepl.server$start_server.doInvoke(server.clj:136)
	at clojure.lang.RestFn.invoke(RestFn.java:1096)
	at jordanwebsites.nrepl$start.invokeStatic(nrepl.clj:14)
	at jordanwebsites.nrepl$start.invoke(nrepl.clj:6)
	at jordanwebsites.core$eval33683$fn__33684.invoke(core.clj:38)
	at mount.core$record_BANG_.invokeStatic(core.cljc:74)
	at mount.core$record_BANG_.invoke(core.cljc:73)
	at mount.core$up$fn__441.invoke(core.cljc:81)
	at mount.core$up.invokeStatic(core.cljc:80)
	at mount.core$up.invoke(core.cljc:78)
	at mount.core$bring.invokeStatic(core.cljc:247)
	at mount.core$bring.invoke(core.cljc:239)
	at mount.core$start.invokeStatic(core.cljc:289)
	at mount.core$start.doInvoke(core.cljc:281)
	at clojure.lang.RestFn.invoke(RestFn.java:397)
	at mount.core$start_with_args.invokeStatic(core.cljc:389)
	at mount.core$start_with_args.doInvoke(core.cljc:385)
	at clojure.lang.RestFn.invoke(RestFn.java:410)
	at jordanwebsites.core$start_app.invokeStatic(core.clj:51)
	at jordanwebsites.core$start_app.invoke(core.clj:50)
	at jordanwebsites.core$_main.invokeStatic(core.clj:59)
	at jordanwebsites.core$_main.doInvoke(core.clj:58)
	at clojure.lang.RestFn.invoke(RestFn.java:397)
	at clojure.lang.Var.invoke(Var.java:380)
	at user$eval33829.invokeStatic(form-init8287183233998662987.clj:1)
	at user$eval33829.invoke(form-init8287183233998662987.clj:1)
	at clojure.lang.Compiler.eval(Compiler.java:7177)
	at clojure.lang.Compiler.eval(Compiler.java:7167)
	at clojure.lang.Compiler.load(Compiler.java:7636)
	at clojure.lang.Compiler.loadFile(Compiler.java:7574)
	at clojure.main$load_script.invokeStatic(main.clj:475)
	at clojure.main$init_opt.invokeStatic(main.clj:477)
	at clojure.main$init_opt.invoke(main.clj:477)
	at clojure.main$initialize.invokeStatic(main.clj:508)
	at clojure.main$null_opt.invokeStatic(main.clj:542)
	at clojure.main$null_opt.invoke(main.clj:539)
	at clojure.main$main.invokeStatic(main.clj:664)
	at clojure.main$main.doInvoke(main.clj:616)
	at clojure.lang.RestFn.applyTo(RestFn.java:137)
	at clojure.lang.Var.applyTo(Var.java:705)
	at clojure.main.main(main.java:40)
