2020-12-01 09:33:02,457 [main] INFO  jordanwebsites.env - 
-=[jordanwebsites started successfully using the development profile]=- 
2020-12-01 09:33:02,894 [main] DEBUG org.jboss.logging - Logging Provider: org.jboss.logging.Slf4jLoggerProvider 
2020-12-01 09:33:02,898 [main] INFO  io.undertow - starting server: Undertow - 2.1.3.Final 
2020-12-01 09:33:02,913 [main] INFO  org.xnio - XNIO version 3.8.0.Final 
2020-12-01 09:33:03,075 [main] INFO  org.jboss.threads - JBoss Threads version 3.1.0.Final 
2020-12-01 09:33:03,086 [main] DEBUG io.undertow - Configuring listener with protocol HTTP for interface 0.0.0.0 and port 3000 
2020-12-01 09:33:03,137 [main] INFO  luminus.http-server - server started on port 3000 
2020-12-01 09:33:03,137 [main] INFO  jordanwebsites.nrepl - starting nREPL server on port 7000 
2020-12-01 09:33:03,147 [main] INFO  jordanwebsites.core - #'jordanwebsites.config/env started 
2020-12-01 09:33:03,148 [main] INFO  jordanwebsites.core - #'jordanwebsites.handler/init-app started 
2020-12-01 09:33:03,150 [main] INFO  jordanwebsites.core - #'jordanwebsites.handler/app-routes started 
2020-12-01 09:33:03,152 [main] INFO  jordanwebsites.core - #'jordanwebsites.core/http-server started 
2020-12-01 09:33:03,152 [main] INFO  jordanwebsites.core - #'jordanwebsites.core/repl-server started 
2020-12-02 09:13:27,707 [main] INFO  jordanwebsites.env - 
-=[jordanwebsites started successfully using the development profile]=- 
2020-12-02 09:13:28,427 [main] DEBUG org.jboss.logging - Logging Provider: org.jboss.logging.Slf4jLoggerProvider 
2020-12-02 09:13:28,432 [main] INFO  io.undertow - starting server: Undertow - 2.1.3.Final 
2020-12-02 09:13:28,447 [main] INFO  org.xnio - XNIO version 3.8.0.Final 
2020-12-02 09:13:28,598 [main] INFO  org.jboss.threads - JBoss Threads version 3.1.0.Final 
2020-12-02 09:13:28,629 [main] DEBUG io.undertow - Configuring listener with protocol HTTP for interface 0.0.0.0 and port 3000 
2020-12-02 09:13:28,884 [main] INFO  luminus.http-server - server started on port 3000 
2020-12-02 09:13:28,884 [main] INFO  jordanwebsites.nrepl - starting nREPL server on port 7000 
2020-12-02 09:13:28,916 [main] INFO  jordanwebsites.core - #'jordanwebsites.config/env started 
2020-12-02 09:13:28,917 [main] INFO  jordanwebsites.core - #'jordanwebsites.handler/init-app started 
2020-12-02 09:13:28,917 [main] INFO  jordanwebsites.core - #'jordanwebsites.handler/app-routes started 
2020-12-02 09:13:28,917 [main] INFO  jordanwebsites.core - #'jordanwebsites.core/http-server started 
2020-12-02 09:13:28,917 [main] INFO  jordanwebsites.core - #'jordanwebsites.core/repl-server started 
2020-12-02 15:35:47,016 [Thread-2] INFO  jordanwebsites.nrepl - nREPL server stopped 
2020-12-02 15:35:47,022 [Thread-2] INFO  io.undertow - stopping server: Undertow - 2.1.3.Final 
2020-12-02 15:35:47,033 [Thread-2] INFO  luminus.http-server - HTTP server stopped 
2020-12-02 15:35:47,033 [Thread-2] INFO  jordanwebsites.env - 
-=[jordanwebsites has shut down successfully]=- 
2020-12-02 15:35:47,034 [Thread-2] INFO  jordanwebsites.core - #'jordanwebsites.core/repl-server stopped 
2020-12-02 15:35:47,034 [Thread-2] INFO  jordanwebsites.core - #'jordanwebsites.core/http-server stopped 
2020-12-02 15:35:47,034 [Thread-2] INFO  jordanwebsites.core - #'jordanwebsites.handler/init-app stopped 
2020-12-02 15:36:26,898 [main] INFO  jordanwebsites.env - 
-=[jordanwebsites started successfully using the development profile]=- 
2020-12-02 15:36:27,401 [main] DEBUG org.jboss.logging - Logging Provider: org.jboss.logging.Slf4jLoggerProvider 
2020-12-02 15:36:27,406 [main] INFO  io.undertow - starting server: Undertow - 2.1.3.Final 
2020-12-02 15:36:27,417 [main] INFO  org.xnio - XNIO version 3.8.0.Final 
2020-12-02 15:36:27,574 [main] INFO  org.jboss.threads - JBoss Threads version 3.1.0.Final 
2020-12-02 15:36:27,604 [main] DEBUG io.undertow - Configuring listener with protocol HTTP for interface 0.0.0.0 and port 3000 
2020-12-02 15:36:27,661 [main] INFO  luminus.http-server - server started on port 3000 
2020-12-02 15:36:27,661 [main] INFO  jordanwebsites.nrepl - starting nREPL server on port 7000 
2020-12-02 15:36:27,677 [main] INFO  jordanwebsites.core - #'jordanwebsites.config/env started 
2020-12-02 15:36:27,678 [main] INFO  jordanwebsites.core - #'jordanwebsites.handler/init-app started 
2020-12-02 15:36:27,678 [main] INFO  jordanwebsites.core - #'jordanwebsites.handler/app-routes started 
2020-12-02 15:36:27,679 [main] INFO  jordanwebsites.core - #'jordanwebsites.core/http-server started 
2020-12-02 15:36:27,683 [main] INFO  jordanwebsites.core - #'jordanwebsites.core/repl-server started 
2020-12-02 15:38:56,091 [Thread-2] INFO  jordanwebsites.nrepl - nREPL server stopped 
2020-12-02 15:38:56,093 [Thread-2] INFO  io.undertow - stopping server: Undertow - 2.1.3.Final 
2020-12-02 15:38:56,098 [Thread-2] INFO  luminus.http-server - HTTP server stopped 
2020-12-02 15:38:56,099 [Thread-2] INFO  jordanwebsites.env - 
-=[jordanwebsites has shut down successfully]=- 
2020-12-02 15:38:56,104 [Thread-2] INFO  jordanwebsites.core - #'jordanwebsites.core/repl-server stopped 
2020-12-02 15:38:56,105 [Thread-2] INFO  jordanwebsites.core - #'jordanwebsites.core/http-server stopped 
2020-12-02 15:38:56,105 [Thread-2] INFO  jordanwebsites.core - #'jordanwebsites.handler/init-app stopped 
2020-12-02 15:39:43,180 [main] INFO  jordanwebsites.env - 
-=[jordanwebsites started successfully using the development profile]=- 
2020-12-02 15:39:43,772 [main] DEBUG org.jboss.logging - Logging Provider: org.jboss.logging.Slf4jLoggerProvider 
2020-12-02 15:39:43,775 [main] INFO  io.undertow - starting server: Undertow - 2.1.3.Final 
2020-12-02 15:39:43,787 [main] INFO  org.xnio - XNIO version 3.8.0.Final 
2020-12-02 15:39:43,928 [main] INFO  org.jboss.threads - JBoss Threads version 3.1.0.Final 
2020-12-02 15:39:43,943 [main] DEBUG io.undertow - Configuring listener with protocol HTTP for interface 0.0.0.0 and port 3000 
2020-12-02 15:39:43,987 [main] INFO  luminus.http-server - server started on port 3000 
2020-12-02 15:39:43,992 [main] INFO  jordanwebsites.nrepl - starting nREPL server on port 7000 
2020-12-02 15:39:44,014 [main] INFO  jordanwebsites.core - #'jordanwebsites.config/env started 
2020-12-02 15:39:44,014 [main] INFO  jordanwebsites.core - #'jordanwebsites.handler/init-app started 
2020-12-02 15:39:44,015 [main] INFO  jordanwebsites.core - #'jordanwebsites.handler/app-routes started 
2020-12-02 15:39:44,015 [main] INFO  jordanwebsites.core - #'jordanwebsites.core/http-server started 
2020-12-02 15:39:44,015 [main] INFO  jordanwebsites.core - #'jordanwebsites.core/repl-server started 
2020-12-02 15:54:58,736 [Thread-2] INFO  jordanwebsites.nrepl - nREPL server stopped 
2020-12-02 15:54:58,738 [Thread-2] INFO  io.undertow - stopping server: Undertow - 2.1.3.Final 
2020-12-02 15:54:58,753 [Thread-2] INFO  luminus.http-server - HTTP server stopped 
2020-12-02 15:54:58,754 [Thread-2] INFO  jordanwebsites.env - 
-=[jordanwebsites has shut down successfully]=- 
2020-12-02 15:54:58,754 [Thread-2] INFO  jordanwebsites.core - #'jordanwebsites.core/repl-server stopped 
2020-12-02 15:54:58,754 [Thread-2] INFO  jordanwebsites.core - #'jordanwebsites.core/http-server stopped 
2020-12-02 15:54:58,755 [Thread-2] INFO  jordanwebsites.core - #'jordanwebsites.handler/init-app stopped 
2020-12-02 15:55:49,220 [main] INFO  jordanwebsites.env - 
-=[jordanwebsites started successfully using the development profile]=- 
2020-12-02 15:55:49,649 [main] DEBUG org.jboss.logging - Logging Provider: org.jboss.logging.Slf4jLoggerProvider 
2020-12-02 15:55:49,654 [main] INFO  io.undertow - starting server: Undertow - 2.1.3.Final 
2020-12-02 15:55:49,663 [main] INFO  org.xnio - XNIO version 3.8.0.Final 
2020-12-02 15:55:49,790 [main] INFO  org.jboss.threads - JBoss Threads version 3.1.0.Final 
2020-12-02 15:55:49,801 [main] DEBUG io.undertow - Configuring listener with protocol HTTP for interface 0.0.0.0 and port 3000 
2020-12-02 15:55:49,832 [main] INFO  luminus.http-server - server started on port 3000 
2020-12-02 15:55:49,833 [main] INFO  jordanwebsites.nrepl - starting nREPL server on port 7000 
2020-12-02 15:55:49,850 [main] INFO  jordanwebsites.core - #'jordanwebsites.config/env started 
2020-12-02 15:55:49,851 [main] INFO  jordanwebsites.core - #'jordanwebsites.handler/init-app started 
2020-12-02 15:55:49,851 [main] INFO  jordanwebsites.core - #'jordanwebsites.handler/app-routes started 
2020-12-02 15:55:49,851 [main] INFO  jordanwebsites.core - #'jordanwebsites.core/http-server started 
2020-12-02 15:55:49,851 [main] INFO  jordanwebsites.core - #'jordanwebsites.core/repl-server started 
2020-12-02 15:59:19,458 [Thread-2] INFO  jordanwebsites.nrepl - nREPL server stopped 
2020-12-02 15:59:19,468 [Thread-2] INFO  io.undertow - stopping server: Undertow - 2.1.3.Final 
2020-12-02 15:59:19,542 [Thread-2] INFO  luminus.http-server - HTTP server stopped 
2020-12-02 15:59:19,542 [Thread-2] INFO  jordanwebsites.env - 
-=[jordanwebsites has shut down successfully]=- 
2020-12-02 15:59:19,543 [Thread-2] INFO  jordanwebsites.core - #'jordanwebsites.core/repl-server stopped 
2020-12-02 15:59:19,543 [Thread-2] INFO  jordanwebsites.core - #'jordanwebsites.core/http-server stopped 
2020-12-02 15:59:19,543 [Thread-2] INFO  jordanwebsites.core - #'jordanwebsites.handler/init-app stopped 
2020-12-02 16:08:53,762 [main] INFO  jordanwebsites.env - 
-=[jordanwebsites started successfully using the development profile]=- 
2020-12-02 16:08:54,477 [main] DEBUG org.jboss.logging - Logging Provider: org.jboss.logging.Slf4jLoggerProvider 
2020-12-02 16:08:54,481 [main] INFO  io.undertow - starting server: Undertow - 2.1.3.Final 
2020-12-02 16:08:54,495 [main] INFO  org.xnio - XNIO version 3.8.0.Final 
2020-12-02 16:08:54,773 [main] INFO  org.jboss.threads - JBoss Threads version 3.1.0.Final 
2020-12-02 16:08:54,817 [main] DEBUG io.undertow - Configuring listener with protocol HTTP for interface 0.0.0.0 and port 3000 
2020-12-02 16:08:54,855 [main] INFO  luminus.http-server - server started on port 3000 
2020-12-02 16:08:54,857 [main] INFO  jordanwebsites.nrepl - starting nREPL server on port 7000 
2020-12-02 16:08:54,867 [main] INFO  jordanwebsites.core - #'jordanwebsites.config/env started 
2020-12-02 16:08:54,867 [main] INFO  jordanwebsites.core - #'jordanwebsites.handler/init-app started 
2020-12-02 16:08:54,867 [main] INFO  jordanwebsites.core - #'jordanwebsites.handler/app-routes started 
2020-12-02 16:08:54,867 [main] INFO  jordanwebsites.core - #'jordanwebsites.core/http-server started 
2020-12-02 16:08:54,867 [main] INFO  jordanwebsites.core - #'jordanwebsites.core/repl-server started 
